2021-03-28T14:09:43.576576500255-14:09:43 **** Incremental Build of configuration Debug for project GPIO_Example_CPP ****
000-make all 
000-make --no-print-directory pre-build
000-a9-linaro-pre-build-step
000-' '
000-make --no-print-directory main-build
000-'Building file: ../src/main.cpp'
000-'Invoking: ARM v7 g++ compiler'
000-arm-none-eabi-g++ -Wall -O0 -g3 -c -fmessage-length=0 -MT"src/main.o" -mcpu=cortex-a9 -mfpu=vfpv3 -mfloat-abi=hard -ID:/Y4/hardsoft/Lab/create_project_2019/Workspace.vitas/GPIO_Example_CPP/Debug/_sdk/bsp/ps7_cortexa9_0/include -MMD -MP -MF"src/main.d" -MT"src/main.o" -o "src/main.o" "../src/main.cpp"
000/GPIO_Example_CPP/src/main.cpp12-1-1fatal error: xparameters.h: No such file or directory2-../src/main.cpp:12:10: fatal error: xparameters.h: No such file or directory
000- #include "xparameters.h"
000-          ^~~~~~~~~~~~~~~
000-compilation terminated.
000/GPIO_Example_CPP0-1-1make[1]: *** [src/subdir.mk:30: src/main.o] Error 12-make[1]: *** [src/subdir.mk:30: src/main.o] Error 1
000/GPIO_Example_CPP0-1-1make: *** [makefile:46: all] Error 22-make: *** [makefile:46: all] Error 2
00255-
14:09:43 Build Finished (took 368ms)

